[     441ms] [ERROR] Failed to load resource: the server responded with a status of 404 (Not Found) @ http://localhost:5173/favicon.png:0
[     673ms] Svelte error: state_descriptors_fixed
Property descriptors defined on `$state` objects must contain `value` and always be `enumerable`, `configurable` and `writable`.
https://svelte.dev/e/state_descriptors_fixed
    at state_descriptors_fixed (http://localhost:5173/node_modules/.vite/deps/chunk-E2BZYA4H.js?v=41429003:461:19)
    at Object.defineProperty (http://localhost:5173/node_modules/.vite/deps/chunk-E2BZYA4H.js?v=41429003:3895:11)
    at Object.defineProperty (<anonymous>)
    at listenArrayEvents (http://localhost:5173/node_modules/.vite/deps/chart__js_auto.js?v=41429003:930:10)
    at LineController._dataCheck (http://localhost:5173/node_modules/.vite/deps/chart__js_auto.js?v=41429003:3633:9)
    at LineController.addElements (http://localhost:5173/node_modules/.vite/deps/chart__js_auto.js?v=41429003:3641:10)
    at LineController.initialize (http://localhost:5173/node_modules/.vite/deps/chart__js_auto.js?v=41429003:3565:10)
    at LineController.initialize (http://localhost:5173/node_modules/.vite/deps/chart__js_auto.js?v=41429003:5052:11)
    at new DatasetController (http://localhost:5173/node_modules/.vite/deps/chart__js_auto.js?v=41429003:3558:10)
    at new LineController (http://localhost:5173/node_modules/.vite/deps/chart__js_auto.js?v=41429003:5048:22)
[   12458ms] Svelte error: state_descriptors_fixed
Property descriptors defined on `$state` objects must contain `value` and always be `enumerable`, `configurable` and `writable`.
https://svelte.dev/e/state_descriptors_fixed
    at state_descriptors_fixed (http://localhost:5173/node_modules/.vite/deps/chunk-E2BZYA4H.js?v=41429003:461:19)
    at Object.defineProperty (http://localhost:5173/node_modules/.vite/deps/chunk-E2BZYA4H.js?v=41429003:3895:11)
    at Object.defineProperty (<anonymous>)
    at listenArrayEvents (http://localhost:5173/node_modules/.vite/deps/chart__js_auto.js?v=41429003:930:10)
    at BarController._dataCheck (http://localhost:5173/node_modules/.vite/deps/chart__js_auto.js?v=41429003:3633:9)
    at BarController.addElements (http://localhost:5173/node_modules/.vite/deps/chart__js_auto.js?v=41429003:3641:10)
    at BarController.initialize (http://localhost:5173/node_modules/.vite/deps/chart__js_auto.js?v=41429003:3565:10)
    at BarController.initialize (http://localhost:5173/node_modules/.vite/deps/chart__js_auto.js?v=41429003:4379:11)
    at new DatasetController (http://localhost:5173/node_modules/.vite/deps/chart__js_auto.js?v=41429003:3558:10)
    at new BarController (http://localhost:5173/node_modules/.vite/deps/chart__js_auto.js?v=41429003:4333:21)
[   12462ms] Svelte error: state_descriptors_fixed
Property descriptors defined on `$state` objects must contain `value` and always be `enumerable`, `configurable` and `writable`.
https://svelte.dev/e/state_descriptors_fixed
    at state_descriptors_fixed (http://localhost:5173/node_modules/.vite/deps/chunk-E2BZYA4H.js?v=41429003:461:19)
    at Object.defineProperty (http://localhost:5173/node_modules/.vite/deps/chunk-E2BZYA4H.js?v=41429003:3895:11)
    at Object.defineProperty (<anonymous>)
    at listenArrayEvents (http://localhost:5173/node_modules/.vite/deps/chart__js_auto.js?v=41429003:930:10)
    at BarController._dataCheck (http://localhost:5173/node_modules/.vite/deps/chart__js_auto.js?v=41429003:3633:9)
    at BarController.addElements (http://localhost:5173/node_modules/.vite/deps/chart__js_auto.js?v=41429003:3641:10)
    at BarController.initialize (http://localhost:5173/node_modules/.vite/deps/chart__js_auto.js?v=41429003:3565:10)
    at BarController.initialize (http://localhost:5173/node_modules/.vite/deps/chart__js_auto.js?v=41429003:4379:11)
    at new DatasetController (http://localhost:5173/node_modules/.vite/deps/chart__js_auto.js?v=41429003:3558:10)
    at new BarController (http://localhost:5173/node_modules/.vite/deps/chart__js_auto.js?v=41429003:4333:21)
